#
# There is insufficient memory for the Java Runtime Environment to continue.
# Native memory allocation (malloc) failed to allocate 287424 bytes for Chunk::new
# Possible reasons:
#   The system is out of physical RAM or swap space
#   The process is running with CompressedOops enabled, and the Java Heap may be blocking the growth of the native heap
# Possible solutions:
#   Reduce memory load on the system
#   Increase physical memory or swap space
#   Check if swap backing store is full
#   Decrease Java heap size (-Xmx/-Xms)
#   Decrease number of Java threads
#   Decrease Java thread stack sizes (-Xss)
#   Set larger code cache with -XX:ReservedCodeCacheSize=
#   JVM is running with Unscaled Compressed Oops mode in which the Java heap is
#     placed in the first 4GB address space. The Java Heap base address is the
#     maximum limit for the native heap growth. Please use -XX:HeapBaseMinAddress
#     to set the Java Heap base and to place the Java Heap above 4GB virtual address.
# This output file may be truncated or incomplete.
#
#  Out of Memory Error (arena.cpp:184), pid=15300, tid=6068
#
# JRE version: Java(TM) SE Runtime Environment (20.0.1+9) (build 20.0.1+9-29)
# Java VM: Java HotSpot(TM) 64-Bit Server VM (20.0.1+9-29, mixed mode, sharing, tiered, compressed oops, compressed class ptrs, g1 gc, windows-amd64)
# No core dump will be written. Minidumps are not enabled by default on client versions of Windows
#

---------------  S U M M A R Y ------------

Command Line: -Dfile.encoding=UTF-8 -agentlib:jdwp=transport=dt_shmem,address=javadebug --module-path=C:\Users\inaya\OneDrive\Documents\NetBeansProjects\University Management System\build\classes university.management.system.Marks

Host: Intel(R) Core(TM) i3-6006U CPU @ 2.00GHz, 4 cores, 3G,  Windows 10 , 64 bit Build 19041 (10.0.19041.3393)
Time: Thu Sep 21 16:33:58 2023 India Standard Time elapsed time: 2.438975 seconds (0d 0h 0m 2s)

---------------  T H R E A D  ---------------

Current thread (0x00000242e04d2f70):  JavaThread "C2 CompilerThread0" daemon [_thread_in_native, id=6068, stack(0x000000fd6ee00000,0x000000fd6ef00000)]


Current CompileTask:
C2:   2439  646       4       java.util.Properties::loadConvert (540 bytes)

Stack: [0x000000fd6ee00000,0x000000fd6ef00000]
Native frames: (J=compiled Java code, j=interpreted, Vv=VM code, C=native code)
V  [jvm.dll+0x6bb95a]
V  [jvm.dll+0x8485fa]
V  [jvm.dll+0x84a1f5]
V  [jvm.dll+0x84a8f3]
V  [jvm.dll+0x280b0f]
V  [jvm.dll+0xc2b11]
V  [jvm.dll+0xc2e35]
V  [jvm.dll+0x3bb17c]
V  [jvm.dll+0x1e6e39]
V  [jvm.dll+0x24b3ab]
V  [jvm.dll+0x24a651]
V  [jvm.dll+0x1ce491]
V  [jvm.dll+0x259e1b]
V  [jvm.dll+0x2584f0]
V  [jvm.dll+0x3f2895]
V  [jvm.dll+0x7f4b56]
V  [jvm.dll+0x6ba5cb]
C  [ucrtbase.dll+0x21bb2]
C  [KERNEL32.DLL+0x17344]
C  [ntdll.dll+0x526b1]


---------------  P R O C E S S  ---------------

Threads class SMR info:
_java_thread_list=0x00000242e5500900, length=18, elements={
0x00000242c385e010, 0x00000242e04cac30, 0x00000242e04ccce0, 0x00000242e04cf730,
0x00000242e04d0070, 0x00000242e04d19c0, 0x00000242e04d2300, 0x00000242e04d2f70,
0x00000242e04daaf0, 0x00000242e059e950, 0x00000242e49463a0, 0x00000242e4947770,
0x00000242e49b1f50, 0x00000242e49b6440, 0x00000242e4b28a30, 0x00000242e4b2bda0,
0x00000242e4b351e0, 0x00000242e48a7bb0
}

Java Threads: ( => current thread )
  0x00000242c385e010 JavaThread "main" [_thread_in_vm, id=14832, stack(0x000000fd6e100000,0x000000fd6e200000)]
  0x00000242e04cac30 JavaThread "Reference Handler" daemon [_thread_blocked, id=12188, stack(0x000000fd6e800000,0x000000fd6e900000)]
  0x00000242e04ccce0 JavaThread "Finalizer" daemon [_thread_blocked, id=3980, stack(0x000000fd6e900000,0x000000fd6ea00000)]
  0x00000242e04cf730 JavaThread "Signal Dispatcher" daemon [_thread_blocked, id=11020, stack(0x000000fd6ea00000,0x000000fd6eb00000)]
  0x00000242e04d0070 JavaThread "Attach Listener" daemon [_thread_blocked, id=14688, stack(0x000000fd6eb00000,0x000000fd6ec00000)]
  0x00000242e04d19c0 JavaThread "Service Thread" daemon [_thread_blocked, id=11244, stack(0x000000fd6ec00000,0x000000fd6ed00000)]
  0x00000242e04d2300 JavaThread "Monitor Deflation Thread" daemon [_thread_blocked, id=5296, stack(0x000000fd6ed00000,0x000000fd6ee00000)]
=>0x00000242e04d2f70 JavaThread "C2 CompilerThread0" daemon [_thread_in_native, id=6068, stack(0x000000fd6ee00000,0x000000fd6ef00000)]
  0x00000242e04daaf0 JavaThread "C1 CompilerThread0" daemon [_thread_blocked, id=2148, stack(0x000000fd6ef00000,0x000000fd6f000000)]
  0x00000242e059e950 JavaThread "Common-Cleaner" daemon [_thread_blocked, id=11200, stack(0x000000fd6f000000,0x000000fd6f100000)]
  0x00000242e49463a0 JavaThread "JDWP Transport Listener: dt_shmem" daemon [_thread_blocked, id=14760, stack(0x000000fd6f100000,0x000000fd6f200000)]
  0x00000242e4947770 JavaThread "JDWP Event Helper Thread" daemon [_thread_blocked, id=15044, stack(0x000000fd6f200000,0x000000fd6f300000)]
  0x00000242e49b1f50 JavaThread "JDWP Command Reader" daemon [_thread_in_native, id=15148, stack(0x000000fd6f300000,0x000000fd6f400000)]
  0x00000242e49b6440 JavaThread "Notification Thread" daemon [_thread_blocked, id=6964, stack(0x000000fd6f400000,0x000000fd6f500000)]
  0x00000242e4b28a30 JavaThread "Java2D Disposer" daemon [_thread_blocked, id=14744, stack(0x000000fd6f600000,0x000000fd6f700000)]
  0x00000242e4b2bda0 JavaThread "AWT-Shutdown" [_thread_blocked, id=14576, stack(0x000000fd6f700000,0x000000fd6f800000)]
  0x00000242e4b351e0 JavaThread "AWT-Windows" daemon [_thread_in_native, id=6724, stack(0x000000fd6f800000,0x000000fd6f900000)]
  0x00000242e48a7bb0 JavaThread "mysql-cj-abandoned-connection-cleanup" daemon [_thread_blocked, id=8140, stack(0x000000fd6f900000,0x000000fd6fa00000)]

Other Threads:
  0x00000242c5ace610 VMThread "VM Thread" [stack: 0x000000fd6e700000,0x000000fd6e800000] [id=11748]
  0x00000242e494ef20 WatcherThread "VM Periodic Task Thread" [stack: 0x000000fd6f500000,0x000000fd6f600000] [id=724]
  0x00000242c5a4d220 WorkerThread "GC Thread#0" [stack: 0x000000fd6e200000,0x000000fd6e300000] [id=5608]
  0x00000242c5a57ca0 ConcurrentGCThread "G1 Main Marker" [stack: 0x000000fd6e300000,0x000000fd6e400000] [id=12592]
  0x00000242c5a585e0 WorkerThread "G1 Conc#0" [stack: 0x000000fd6e400000,0x000000fd6e500000] [id=3020]
  0x00000242c5aa90a0 ConcurrentGCThread "G1 Refine#0" [stack: 0x000000fd6e500000,0x000000fd6e600000] [id=9804]
  0x00000242c5aa9a50 ConcurrentGCThread "G1 Service" [stack: 0x000000fd6e600000,0x000000fd6e700000] [id=11592]

Threads with active compile tasks:
C2 CompilerThread0     2513  646       4       java.util.Properties::loadConvert (540 bytes)

VM state: not at safepoint (normal execution)

VM Mutex/Monitor currently owned by a thread: None

Heap address: 0x00000000c1e00000, size: 994 MB, Compressed Oops mode: 32-bit

CDS archive(s) mapped at: [0x0000000800000000-0x0000000800c60000-0x0000000800c60000), size 12976128, SharedBaseAddress: 0x0000000800000000, ArchiveRelocationMode: 0.
Compressed class space mapped at: 0x0000000801000000-0x0000000841000000, reserved size: 1073741824
Narrow klass base: 0x0000000800000000, Narrow klass shift: 0, Narrow klass range: 0x100000000

GC Precious Log:
 CardTable entry size: 512
 Card Set container configuration: InlinePtr #cards 5 size 8 Array Of Cards #cards 12 size 40 Howl #buckets 4 coarsen threshold 1843 Howl Bitmap #cards 512 size 80 coarsen threshold 460 Card regions per heap region 1 cards per card region 2048
 CPUs: 4 total, 4 available
 Memory: 3969M
 Large Page Support: Disabled
 NUMA Support: Disabled
 Compressed Oops: Enabled (32-bit)
 Heap Region Size: 1M
 Heap Min Capacity: 8M
 Heap Initial Capacity: 64M
 Heap Max Capacity: 994M
 Pre-touch: Disabled
 Parallel Workers: 4
 Concurrent Workers: 1
 Concurrent Refinement Workers: 4
 Periodic GC: Disabled

Heap:
 garbage-first heap   total 65536K, used 8192K [0x00000000c1e00000, 0x0000000100000000)
  region size 1024K, 9 young (9216K), 0 survivors (0K)
 Metaspace       used 5741K, committed 6016K, reserved 1114112K
  class space    used 588K, committed 704K, reserved 1048576K

Heap Regions: E=young(eden), S=young(survivor), O=old, HS=humongous(starts), HC=humongous(continues), CS=collection set, F=free, OA=open archive, CA=closed archive, TAMS=top-at-mark-start, PB=parsable bottom
|   0|0x00000000c1e00000, 0x00000000c1e00000, 0x00000000c1f00000|  0%| F|  |TAMS 0x00000000c1e00000| PB 0x00000000c1e00000| Untracked 
|   1|0x00000000c1f00000, 0x00000000c1f00000, 0x00000000c2000000|  0%| F|  |TAMS 0x00000000c1f00000| PB 0x00000000c1f00000| Untracked 
|   2|0x00000000c2000000, 0x00000000c2000000, 0x00000000c2100000|  0%| F|  |TAMS 0x00000000c2000000| PB 0x00000000c2000000| Untracked 
|   3|0x00000000c2100000, 0x00000000c2100000, 0x00000000c2200000|  0%| F|  |TAMS 0x00000000c2100000| PB 0x00000000c2100000| Untracked 
|   4|0x00000000c2200000, 0x00000000c2200000, 0x00000000c2300000|  0%| F|  |TAMS 0x00000000c2200000| PB 0x00000000c2200000| Untracked 
|   5|0x00000000c2300000, 0x00000000c2300000, 0x00000000c2400000|  0%| F|  |TAMS 0x00000000c2300000| PB 0x00000000c2300000| Untracked 
|   6|0x00000000c2400000, 0x00000000c2400000, 0x00000000c2500000|  0%| F|  |TAMS 0x00000000c2400000| PB 0x00000000c2400000| Untracked 
|   7|0x00000000c2500000, 0x00000000c2500000, 0x00000000c2600000|  0%| F|  |TAMS 0x00000000c2500000| PB 0x00000000c2500000| Untracked 
|   8|0x00000000c2600000, 0x00000000c2600000, 0x00000000c2700000|  0%| F|  |TAMS 0x00000000c2600000| PB 0x00000000c2600000| Untracked 
|   9|0x00000000c2700000, 0x00000000c2700000, 0x00000000c2800000|  0%| F|  |TAMS 0x00000000c2700000| PB 0x00000000c2700000| Untracked 
|  10|0x00000000c2800000, 0x00000000c2800000, 0x00000000c2900000|  0%| F|  |TAMS 0x00000000c2800000| PB 0x00000000c2800000| Untracked 
|  11|0x00000000c2900000, 0x00000000c2900000, 0x00000000c2a00000|  0%| F|  |TAMS 0x00000000c2900000| PB 0x00000000c2900000| Untracked 
|  12|0x00000000c2a00000, 0x00000000c2a00000, 0x00000000c2b00000|  0%| F|  |TAMS 0x00000000c2a00000| PB 0x00000000c2a00000| Untracked 
|  13|0x00000000c2b00000, 0x00000000c2b00000, 0x00000000c2c00000|  0%| F|  |TAMS 0x00000000c2b00000| PB 0x00000000c2b00000| Untracked 
|  14|0x00000000c2c00000, 0x00000000c2c00000, 0x00000000c2d00000|  0%| F|  |TAMS 0x00000000c2c00000| PB 0x00000000c2c00000| Untracked 
|  15|0x00000000c2d00000, 0x00000000c2d00000, 0x00000000c2e00000|  0%| F|  |TAMS 0x00000000c2d00000| PB 0x00000000c2d00000| Untracked 
|  16|0x00000000c2e00000, 0x00000000c2e00000, 0x00000000c2f00000|  0%| F|  |TAMS 0x00000000c2e00000| PB 0x00000000c2e00000| Untracked 
|  17|0x00000000c2f00000, 0x00000000c2f00000, 0x00000000c3000000|  0%| F|  |TAMS 0x00000000c2f00000| PB 0x00000000c2f00000| Untracked 
|  18|0x00000000c3000000, 0x00000000c3000000, 0x00000000c3100000|  0%| F|  |TAMS 0x00000000c3000000| PB 0x00000000c3000000| Untracked 
|  19|0x00000000c3100000, 0x00000000c3100000, 0x00000000c3200000|  0%| F|  |TAMS 0x00000000c3100000| PB 0x00000000c3100000| Untracked 
|  20|0x00000000c3200000, 0x00000000c3200000, 0x00000000c3300000|  0%| F|  |TAMS 0x00000000c3200000| PB 0x00000000c3200000| Untracked 
|  21|0x00000000c3300000, 0x00000000c3300000, 0x00000000c3400000|  0%| F|  |TAMS 0x00000000c3300000| PB 0x00000000c3300000| Untracked 
|  22|0x00000000c3400000, 0x00000000c3400000, 0x00000000c3500000|  0%| F|  |TAMS 0x00000000c3400000| PB 0x00000000c3400000| Untracked 
|  23|0x00000000c3500000, 0x00000000c3500000, 0x00000000c3600000|  0%| F|  |TAMS 0x00000000c3500000| PB 0x00000000c3500000| Untracked 
|  24|0x00000000c3600000, 0x00000000c3600000, 0x00000000c3700000|  0%| F|  |TAMS 0x00000000c3600000| PB 0x00000000c3600000| Untracked 
|  25|0x00000000c3700000, 0x00000000c3700000, 0x00000000c3800000|  0%| F|  |TAMS 0x00000000c3700000| PB 0x00000000c3700000| Untracked 
|  26|0x00000000c3800000, 0x00000000c3800000, 0x00000000c3900000|  0%| F|  |TAMS 0x00000000c3800000| PB 0x00000000c3800000| Untracked 
|  27|0x00000000c3900000, 0x00000000c3900000, 0x00000000c3a00000|  0%| F|  |TAMS 0x00000000c3900000| PB 0x00000000c3900000| Untracked 
|  28|0x00000000c3a00000, 0x00000000c3a00000, 0x00000000c3b00000|  0%| F|  |TAMS 0x00000000c3a00000| PB 0x00000000c3a00000| Untracked 
|  29|0x00000000c3b00000, 0x00000000c3b00000, 0x00000000c3c00000|  0%| F|  |TAMS 0x00000000c3b00000| PB 0x00000000c3b00000| Untracked 
|  30|0x00000000c3c00000, 0x00000000c3c00000, 0x00000000c3d00000|  0%| F|  |TAMS 0x00000000c3c00000| PB 0x00000000c3c00000| Untracked 
|  31|0x00000000c3d00000, 0x00000000c3d00000, 0x00000000c3e00000|  0%| F|  |TAMS 0x00000000c3d00000| PB 0x00000000c3d00000| Untracked 
|  32|0x00000000c3e00000, 0x00000000c3e00000, 0x00000000c3f00000|  0%| F|  |TAMS 0x00000000c3e00000| PB 0x00000000c3e00000| Untracked 
|  33|0x00000000c3f00000, 0x00000000c3f00000, 0x00000000c4000000|  0%| F|  |TAMS 0x00000000c3f00000| PB 0x00000000c3f00000| Untracked 
|  34|0x00000000c4000000, 0x00000000c4000000, 0x00000000c4100000|  0%| F|  |TAMS 0x00000000c4000000| PB 0x00000000c4000000| Untracked 
|  35|0x00000000c4100000, 0x00000000c4100000, 0x00000000c4200000|  0%| F|  |TAMS 0x00000000c4100000| PB 0x00000000c4100000| Untracked 
|  36|0x00000000c4200000, 0x00000000c4200000, 0x00000000c4300000|  0%| F|  |TAMS 0x00000000c4200000| PB 0x00000000c4200000| Untracked 
|  37|0x00000000c4300000, 0x00000000c4300000, 0x00000000c4400000|  0%| F|  |TAMS 0x00000000c4300000| PB 0x00000000c4300000| Untracked 
|  38|0x00000000c4400000, 0x00000000c4400000, 0x00000000c4500000|  0%| F|  |TAMS 0x00000000c4400000| PB 0x00000000c4400000| Untracked 
|  39|0x00000000c4500000, 0x00000000c4500000, 0x00000000c4600000|  0%| F|  |TAMS 0x00000000c4500000| PB 0x00000000c4500000| Untracked 
|  40|0x00000000c4600000, 0x00000000c4600000, 0x00000000c4700000|  0%| F|  |TAMS 0x00000000c4600000| PB 0x00000000c4600000| Untracked 
|  41|0x00000000c4700000, 0x00000000c4700000, 0x00000000c4800000|  0%| F|  |TAMS 0x00000000c4700000| PB 0x00000000c4700000| Untracked 
|  42|0x00000000c4800000, 0x00000000c4800000, 0x00000000c4900000|  0%| F|  |TAMS 0x00000000c4800000| PB 0x00000000c4800000| Untracked 
|  43|0x00000000c4900000, 0x00000000c4900000, 0x00000000c4a00000|  0%| F|  |TAMS 0x00000000c4900000| PB 0x00000000c4900000| Untracked 
|  44|0x00000000c4a00000, 0x00000000c4a00000, 0x00000000c4b00000|  0%| F|  |TAMS 0x00000000c4a00000| PB 0x00000000c4a00000| Untracked 
|  45|0x00000000c4b00000, 0x00000000c4b00000, 0x00000000c4c00000|  0%| F|  |TAMS 0x00000000c4b00000| PB 0x00000000c4b00000| Untracked 
|  46|0x00000000c4c00000, 0x00000000c4c00000, 0x00000000c4d00000|  0%| F|  |TAMS 0x00000000c4c00000| PB 0x00000000c4c00000| Untracked 
|  47|0x00000000c4d00000, 0x00000000c4d00000, 0x00000000c4e00000|  0%| F|  |TAMS 0x00000000c4d00000| PB 0x00000000c4d00000| Untracked 
|  48|0x00000000c4e00000, 0x00000000c4e00000, 0x00000000c4f00000|  0%| F|  |TAMS 0x00000000c4e00000| PB 0x00000000c4e00000| Untracked 
|  49|0x00000000c4f00000, 0x00000000c4f00000, 0x00000000c5000000|  0%| F|  |TAMS 0x00000000c4f00000| PB 0x00000000c4f00000| Untracked 
|  50|0x00000000c5000000, 0x00000000c5000000, 0x00000000c5100000|  0%| F|  |TAMS 0x00000000c5000000| PB 0x00000000c5000000| Untracked 
|  51|0x00000000c5100000, 0x00000000c5100000, 0x00000000c5200000|  0%| F|  |TAMS 0x00000000c5100000| PB 0x00000000c5100000| Untracked 
|  52|0x00000000c5200000, 0x00000000c5200000, 0x00000000c5300000|  0%| F|  |TAMS 0x00000000c5200000| PB 0x00000000c5200000| Untracked 
|  53|0x00000000c5300000, 0x00000000c5300000, 0x00000000c5400000|  0%| F|  |TAMS 0x00000000c5300000| PB 0x00000000c5300000| Untracked 
|  54|0x00000000c5400000, 0x00000000c5400000, 0x00000000c5500000|  0%| F|  |TAMS 0x00000000c5400000| PB 0x00000000c5400000| Untracked 
|  55|0x00000000c5500000, 0x00000000c55c8368, 0x00000000c5600000| 78%| E|  |TAMS 0x00000000c5500000| PB 0x00000000c5500000| Complete 
|  56|0x00000000c5600000, 0x00000000c5700000, 0x00000000c5700000|100%| E|CS|TAMS 0x00000000c5600000| PB 0x00000000c5600000| Complete 
|  57|0x00000000c5700000, 0x00000000c5800000, 0x00000000c5800000|100%| E|CS|TAMS 0x00000000c5700000| PB 0x00000000c5700000| Complete 
|  58|0x00000000c5800000, 0x00000000c5900000, 0x00000000c5900000|100%| E|CS|TAMS 0x00000000c5800000| PB 0x00000000c5800000| Complete 
|  59|0x00000000c5900000, 0x00000000c5a00000, 0x00000000c5a00000|100%| E|CS|TAMS 0x00000000c5900000| PB 0x00000000c5900000| Complete 
|  60|0x00000000c5a00000, 0x00000000c5b00000, 0x00000000c5b00000|100%| E|CS|TAMS 0x00000000c5a00000| PB 0x00000000c5a00000| Complete 
|  61|0x00000000c5b00000, 0x00000000c5c00000, 0x00000000c5c00000|100%| E|CS|TAMS 0x00000000c5b00000| PB 0x00000000c5b00000| Complete 
|  62|0x00000000c5c00000, 0x00000000c5d00000, 0x00000000c5d00000|100%| E|CS|TAMS 0x00000000c5c00000| PB 0x00000000c5c00000| Complete 
|  63|0x00000000c5d00000, 0x00000000c5e00000, 0x00000000c5e00000|100%| E|CS|TAMS 0x00000000c5d00000| PB 0x00000000c5d00000| Complete 

Card table byte_map: [0x00000242dccd0000,0x00000242dced0000] _byte_map_base: 0x00000242dc6c1000

Marking Bits: (CMBitMap*) 0x00000242c5a4f780
 Bits: [0x00000242dd0d0000, 0x00000242de058000)

Polling page: 0x00000242c3950000

Metaspace:

Usage:
  Non-class:      5.04 MB used.
      Class:    591.05 KB used.
       Both:      5.62 MB used.

Virtual space:
  Non-class space:       64.00 MB reserved,       5.19 MB (  8%) committed,  1 nodes.
      Class space:        1.00 GB reserved,     704.00 KB ( <1%) committed,  1 nodes.
             Both:        1.06 GB reserved,       5.88 MB ( <1%) committed. 

Chunk freelists:
   Non-Class:  2.03 MB
       Class:  3.14 MB
        Both:  5.17 MB

MaxMetaspaceSize: unlimited
CompressedClassSpaceSize: 1.00 GB
Initial GC threshold: 21.00 MB
Current GC threshold: 21.00 MB
CDS: on
MetaspaceReclaimPolicy: balanced
 - commit_granule_bytes: 65536.
 - commit_granule_words: 8192.
 - virtual_space_node_default_size: 8388608.
 - enlarge_chunks_in_place: 1.
 - new_chunks_are_fully_committed: 0.
 - uncommit_free_chunks: 1.
 - use_allocation_guard: 0.


Internal statistics:

num_allocs_failed_limit: 0.
num_arena_births: 140.
num_arena_deaths: 0.
num_vsnodes_births: 2.
num_vsnodes_deaths: 0.
num_space_committed: 94.
num_space_uncommitted: 0.
num_chunks_returned_to_freelist: 0.
num_chunks_taken_from_freelist: 210.
num_chunk_merges: 0.
num_chunk_splits: 135.
num_chunks_enlarged: 72.
num_inconsistent_stats: 0.

CodeHeap 'non-profiled nmethods': size=120000Kb used=234Kb max_used=234Kb free=119765Kb
 bounds [0x00000242d55a0000, 0x00000242d5810000, 0x00000242dcad0000]
CodeHeap 'profiled nmethods': size=120000Kb used=1115Kb max_used=1115Kb free=118884Kb
 bounds [0x00000242cdad0000, 0x00000242cdd40000, 0x00000242d5000000]
CodeHeap 'non-nmethods': size=5760Kb used=1575Kb max_used=1584Kb free=4184Kb
 bounds [0x00000242d5000000, 0x00000242d5270000, 0x00000242d55a0000]
 total_blobs=1290 nmethods=750 adapters=451
 compilation: enabled
              stopped_count=0, restarted_count=0
 full_count=0

Compilation events (20 events):
Event: 2.409 Thread 0x00000242e04daaf0 nmethod 703 0x00000242d55d6890 code [0x00000242d55d6a00, 0x00000242d55d6ac8]
Event: 2.415 Thread 0x00000242e04daaf0  704       3       java.lang.String::concat (15 bytes)
Event: 2.418 Thread 0x00000242e04daaf0 nmethod 704 0x00000242cdbcf810 code [0x00000242cdbcfb40, 0x00000242cdbd0ec8]
Event: 2.419 Thread 0x00000242e04daaf0  705       1       java.security.CodeSource::getLocation (5 bytes)
Event: 2.419 Thread 0x00000242e04daaf0 nmethod 705 0x00000242d55d6b90 code [0x00000242d55d6d00, 0x00000242d55d6dc8]
Event: 2.421 Thread 0x00000242e04daaf0  706       3       sun.net.util.IPAddressUtil::earlyURLParsing (12 bytes)
Event: 2.422 Thread 0x00000242e04daaf0 nmethod 706 0x00000242cdbd1610 code [0x00000242cdbd17a0, 0x00000242cdbd18b0]
Event: 2.423 Thread 0x00000242e04daaf0  707   !   3       jdk.internal.loader.BuiltinClassLoader::loadClassOrNull (143 bytes)
Event: 2.426 Thread 0x00000242e04daaf0 nmethod 707 0x00000242cdbd1910 code [0x00000242cdbd1bc0, 0x00000242cdbd2b90]
Event: 2.426 Thread 0x00000242e04daaf0  709       3       sun.net.www.ParseUtil::firstEncodeIndex (86 bytes)
Event: 2.427 Thread 0x00000242e04daaf0 nmethod 709 0x00000242cdbd3290 code [0x00000242cdbd34c0, 0x00000242cdbd3ed0]
Event: 2.427 Thread 0x00000242e04daaf0  708       3       java.lang.ClassLoader::getClassLoadingLock (35 bytes)
Event: 2.428 Thread 0x00000242e04daaf0 nmethod 708 0x00000242cdbd4290 code [0x00000242cdbd4440, 0x00000242cdbd4740]
Event: 2.428 Thread 0x00000242e04daaf0  710       1       jdk.internal.loader.URLClassPath$Loader::getBaseURL (5 bytes)
Event: 2.428 Thread 0x00000242e04daaf0 nmethod 710 0x00000242d55d6e90 code [0x00000242d55d7000, 0x00000242d55d70c8]
Event: 2.429 Thread 0x00000242e04daaf0  711       3       java.lang.ref.PhantomReference::<init> (7 bytes)
Event: 2.429 Thread 0x00000242e04daaf0 nmethod 711 0x00000242cdbd4890 code [0x00000242cdbd4a40, 0x00000242cdbd4d20]
Event: 2.431 Thread 0x00000242e04daaf0  712       3       java.lang.String::regionMatches (150 bytes)
Event: 2.434 Thread 0x00000242e04daaf0 nmethod 712 0x00000242cdbd4e10 code [0x00000242cdbd5040, 0x00000242cdbd5888]
Event: 2.434 Thread 0x00000242e04daaf0  713       3       java.lang.StringLatin1::regionMatchesCI (82 bytes)

GC Heap History (0 events):
No events

Dll operation events (7 events):
Event: 0.034 Loaded shared library C:\Program Files\Java\jdk-20\bin\java.dll
Event: 0.192 Loaded shared library C:\Program Files\Java\jdk-20\bin\jsvml.dll
Event: 0.568 Loaded shared library C:\Program Files\Java\jdk-20\bin\net.dll
Event: 0.580 Loaded shared library C:\Program Files\Java\jdk-20\bin\nio.dll
Event: 1.279 Loaded shared library C:\Program Files\Java\jdk-20\bin\zip.dll
Event: 1.341 Loaded shared library C:\Program Files\Java\jdk-20\bin\jimage.dll
Event: 1.433 Loaded shared library C:\Program Files\Java\jdk-20\bin\awt.dll

Deoptimization events (18 events):
Event: 0.860 Thread 0x00000242c385e010 Uncommon trap: trap_request=0xffffff45 fr.pc=0x00000242d55ad87c relative=0x0000000000000bfc
Event: 0.860 Thread 0x00000242c385e010 Uncommon trap: reason=unstable_if action=reinterpret pc=0x00000242d55ad87c method=java.util.HashMap.putVal(ILjava/lang/Object;Ljava/lang/Object;ZZ)Ljava/lang/Object; @ 236 c2
Event: 0.860 Thread 0x00000242c385e010 DEOPT PACKING pc=0x00000242d55ad87c sp=0x000000fd6e1fed20
Event: 0.860 Thread 0x00000242c385e010 DEOPT UNPACKING pc=0x00000242d5069d22 sp=0x000000fd6e1fece8 mode 2
Event: 2.034 Thread 0x00000242c385e010 Uncommon trap: trap_request=0xffffff45 fr.pc=0x00000242d55c7be4 relative=0x0000000000000524
Event: 2.034 Thread 0x00000242c385e010 Uncommon trap: reason=unstable_if action=reinterpret pc=0x00000242d55c7be4 method=java.lang.StringLatin1.replace([BCC)Ljava/lang/String; @ 19 c2
Event: 2.034 Thread 0x00000242c385e010 DEOPT PACKING pc=0x00000242d55c7be4 sp=0x000000fd6e1fe590
Event: 2.034 Thread 0x00000242c385e010 DEOPT UNPACKING pc=0x00000242d5069d22 sp=0x000000fd6e1fe510 mode 2
Event: 2.141 Thread 0x00000242c385e010 DEOPT PACKING pc=0x00000242cdae665a sp=0x000000fd6e1fdeb0
Event: 2.141 Thread 0x00000242c385e010 DEOPT UNPACKING pc=0x00000242d506a4c2 sp=0x000000fd6e1fd2d0 mode 0
Event: 2.329 Thread 0x00000242c385e010 DEOPT PACKING pc=0x00000242cdbb7691 sp=0x000000fd6e1fc450
Event: 2.329 Thread 0x00000242c385e010 DEOPT UNPACKING pc=0x00000242d506a4c2 sp=0x000000fd6e1fb988 mode 0
Event: 2.330 Thread 0x00000242c385e010 DEOPT PACKING pc=0x00000242cdbb7691 sp=0x000000fd6e1fc450
Event: 2.330 Thread 0x00000242c385e010 DEOPT UNPACKING pc=0x00000242d506a4c2 sp=0x000000fd6e1fb988 mode 0
Event: 2.331 Thread 0x00000242c385e010 DEOPT PACKING pc=0x00000242cdbb7691 sp=0x000000fd6e1fc450
Event: 2.331 Thread 0x00000242c385e010 DEOPT UNPACKING pc=0x00000242d506a4c2 sp=0x000000fd6e1fb988 mode 0
Event: 2.387 Thread 0x00000242c385e010 DEOPT PACKING pc=0x00000242cdba8a2e sp=0x000000fd6e1fa890
Event: 2.387 Thread 0x00000242c385e010 DEOPT UNPACKING pc=0x00000242d506a4c2 sp=0x000000fd6e1f9d30 mode 0

Classes loaded (20 events):
Event: 2.346 Loading class java/text/MessageFormat
Event: 2.347 Loading class java/text/MessageFormat done
Event: 2.350 Loading class java/math/BigDecimal
Event: 2.351 Loading class java/math/BigDecimal done
Event: 2.353 Loading class java/math/MathContext
Event: 2.354 Loading class java/math/MathContext done
Event: 2.358 Loading class java/util/Collections$UnmodifiableMap$UnmodifiableEntrySet
Event: 2.359 Loading class java/util/Collections$UnmodifiableMap$UnmodifiableEntrySet done
Event: 2.359 Loading class java/util/Collections$UnmodifiableMap$UnmodifiableEntrySet$UnmodifiableEntrySetSpliterator
Event: 2.359 Loading class java/util/Collections$UnmodifiableMap$UnmodifiableEntrySet$UnmodifiableEntrySetSpliterator done
Event: 2.359 Loading class java/util/HashMap$EntrySpliterator
Event: 2.360 Loading class java/util/HashMap$EntrySpliterator done
Event: 2.361 Loading class java/lang/invoke/DirectMethodHandle$Special
Event: 2.361 Loading class java/lang/invoke/DirectMethodHandle$Special done
Event: 2.363 Loading class java/lang/invoke/MethodHandle$1
Event: 2.363 Loading class java/lang/invoke/MethodHandle$1 done
Event: 2.371 Loading class java/lang/NoSuchFieldError
Event: 2.372 Loading class java/lang/NoSuchFieldError done
Event: 2.428 Loading class java/lang/reflect/InvocationHandler
Event: 2.428 Loading class java/lang/reflect/InvocationHandler done

Classes unloaded (0 events):
No events

Classes redefined (0 events):
No events

Internal exceptions (15 events):
Event: 0.588 Thread 0x00000242c385e010 Exception <a 'sun/nio/fs/WindowsException'{0x00000000c5c3fe60}> (0x00000000c5c3fe60) 
thrown [s\open\src\hotspot\share\prims\jni.cpp, line 519]
Event: 0.602 Thread 0x00000242c385e010 Exception <a 'sun/nio/fs/WindowsException'{0x00000000c5c42598}> (0x00000000c5c42598) 
thrown [s\open\src\hotspot\share\prims\jni.cpp, line 519]
Event: 0.603 Thread 0x00000242c385e010 Exception <a 'sun/nio/fs/WindowsException'{0x00000000c5c85dc0}> (0x00000000c5c85dc0) 
thrown [s\open\src\hotspot\share\prims\jni.cpp, line 519]
Event: 1.378 Thread 0x00000242c385e010 Exception <a 'java/lang/ClassNotFoundException'{0x00000000c5b92ae8}: sun/awt/resources/spi/awtProvider> (0x00000000c5b92ae8) 
thrown [s\open\src\hotspot\share\classfile\systemDictionary.cpp, line 305]
Event: 1.471 Thread 0x00000242c385e010 Exception <a 'java/io/FileNotFoundException'{0x00000000c5be9380}> (0x00000000c5be9380) 
thrown [s\open\src\hotspot\share\prims\jni.cpp, line 519]
Event: 1.490 Thread 0x00000242c385e010 Exception <a 'java/io/FileNotFoundException'{0x00000000c5a137d0}> (0x00000000c5a137d0) 
thrown [s\open\src\hotspot\share\prims\jni.cpp, line 519]
Event: 1.828 Thread 0x00000242c385e010 Exception <a 'java/lang/NoSuchMethodError'{0x00000000c5923450}: 'void java.lang.invoke.DirectMethodHandle$Holder.invokeSpecial(java.lang.Object, java.lang.Object, java.lang.Object)'> (0x00000000c5923450) 
thrown [s\open\src\hotspot\share\interpreter\linkResolver.cpp, line 773]
Event: 1.868 Thread 0x00000242c385e010 Exception <a 'java/lang/NoSuchMethodError'{0x00000000c594de20}: 'java.lang.Object java.lang.invoke.DirectMethodHandle$Holder.newInvokeSpecial(java.lang.Object, java.lang.Object, java.lang.Object, java.lang.Object, java.lang.Object)'> (0x00000000c594de20) 
thrown [s\open\src\hotspot\share\interpreter\linkResolver.cpp, line 773]
Event: 1.888 Thread 0x00000242c385e010 Exception <a 'java/lang/NoSuchMethodError'{0x00000000c597e6c8}: 'java.lang.Object java.lang.invoke.DirectMethodHandle$Holder.invokeStatic(java.lang.Object, int, java.lang.Object)'> (0x00000000c597e6c8) 
thrown [s\open\src\hotspot\share\interpreter\linkResolver.cpp, line 773]
Event: 1.970 Thread 0x00000242c385e010 Exception <a 'java/lang/ClassNotFoundException'{0x00000000c583a548}: com/sun/swing/internal/plaf/metal/resources/spi/metalProvider> (0x00000000c583a548) 
thrown [s\open\src\hotspot\share\classfile\systemDictionary.cpp, line 305]
Event: 1.974 Thread 0x00000242c385e010 Exception <a 'java/lang/ClassNotFoundException'{0x00000000c583e4a8}: com/sun/swing/internal/plaf/basic/resources/spi/basicProvider> (0x00000000c583e4a8) 
thrown [s\open\src\hotspot\share\classfile\systemDictionary.cpp, line 305]
Event: 2.013 Thread 0x00000242c385e010 Exception <a 'java/lang/NoSuchMethodError'{0x00000000c585d868}: 'int java.lang.invoke.Invokers$Holder.invokeExact_MT(java.lang.Object, java.lang.Object)'> (0x00000000c585d868) 
thrown [s\open\src\hotspot\share\interpreter\linkResolver.cpp, line 773]
Event: 2.180 Thread 0x00000242c385e010 Exception <a 'java/lang/NoSuchMethodError'{0x00000000c576f0d8}: 'java.lang.Object java.lang.invoke.DirectMethodHandle$Holder.invokeInterface(java.lang.Object, java.lang.Object)'> (0x00000000c576f0d8) 
thrown [s\open\src\hotspot\share\interpreter\linkResolver.cpp, line 773]
Event: 2.362 Thread 0x00000242c385e010 Exception <a 'java/lang/NoSuchMethodError'{0x00000000c57e9218}: 'void java.lang.invoke.DirectMethodHandle$Holder.invokeStatic(java.lang.Object, java.lang.Object, java.lang.Object)'> (0x00000000c57e9218) 
thrown [s\open\src\hotspot\share\interpreter\linkResolver.cpp, line 773]
Event: 2.366 Thread 0x00000242c385e010 Exception <a 'java/lang/NoSuchMethodError'{0x00000000c57f72a8}: 'java.lang.Object java.lang.invoke.DirectMethodHandle$Holder.invokeVirtual(java.lang.Object, java.lang.Object, java.lang.Object)'> (0x00000000c57f72a8) 
thrown [s\open\src\hotspot\share\interpreter\linkResolver.cpp, line 773]

VM Operations (14 events):
Event: 0.608 Executing VM operation: HandshakeAllThreads
Event: 0.608 Executing VM operation: HandshakeAllThreads done
Event: 1.518 Executing VM operation: HandshakeAllThreads
Event: 1.518 Executing VM operation: HandshakeAllThreads done
Event: 1.518 Executing VM operation: Cleanup
Event: 1.518 Executing VM operation: Cleanup done
Event: 1.554 Executing VM operation: ChangeBreakpoints
Event: 1.554 Executing VM operation: ChangeBreakpoints done
Event: 1.555 Executing VM operation: ChangeBreakpoints
Event: 1.555 Executing VM operation: ChangeBreakpoints done
Event: 2.075 Executing VM operation: HandshakeAllThreads
Event: 2.075 Executing VM operation: HandshakeAllThreads done
Event: 2.126 Executing VM operation: HandshakeAllThreads
Event: 2.126 Executing VM operation: HandshakeAllThreads done

Events (18 events):
Event: 0.193 Thread 0x00000242c385e010 Thread added: 0x00000242c385e010
Event: 0.375 Thread 0x00000242e04cac30 Thread added: 0x00000242e04cac30
Event: 0.376 Thread 0x00000242e04ccce0 Thread added: 0x00000242e04ccce0
Event: 0.377 Thread 0x00000242e04cf730 Thread added: 0x00000242e04cf730
Event: 0.377 Thread 0x00000242e04d0070 Thread added: 0x00000242e04d0070
Event: 0.377 Thread 0x00000242e04d19c0 Thread added: 0x00000242e04d19c0
Event: 0.377 Thread 0x00000242e04d2300 Thread added: 0x00000242e04d2300
Event: 0.378 Thread 0x00000242e04d2f70 Thread added: 0x00000242e04d2f70
Event: 0.381 Thread 0x00000242e04daaf0 Thread added: 0x00000242e04daaf0
Event: 0.517 Thread 0x00000242e059e950 Thread added: 0x00000242e059e950
Event: 0.889 Thread 0x00000242e49463a0 Thread added: 0x00000242e49463a0
Event: 0.890 Thread 0x00000242e4947770 Thread added: 0x00000242e4947770
Event: 0.965 Thread 0x00000242e49b1f50 Thread added: 0x00000242e49b1f50
Event: 1.163 Thread 0x00000242e49b6440 Thread added: 0x00000242e49b6440
Event: 1.674 Thread 0x00000242e4b28a30 Thread added: 0x00000242e4b28a30
Event: 1.678 Thread 0x00000242e4b2bda0 Thread added: 0x00000242e4b2bda0
Event: 1.686 Thread 0x00000242e4b351e0 Thread added: 0x00000242e4b351e0
Event: 2.080 Thread 0x00000242e48a7bb0 Thread added: 0x00000242e48a7bb0


Dynamic libraries:
0x00007ff6da260000 - 0x00007ff6da270000 	C:\Program Files\Java\jdk-20\bin\java.exe
0x00007ffe2aef0000 - 0x00007ffe2b0e8000 	C:\Windows\SYSTEM32\ntdll.dll
0x00007ffe2ad20000 - 0x00007ffe2addd000 	C:\Windows\System32\KERNEL32.DLL
0x00007ffe28b30000 - 0x00007ffe28e26000 	C:\Windows\System32\KERNELBASE.dll
0x00007ffe28910000 - 0x00007ffe28a10000 	C:\Windows\System32\ucrtbase.dll
0x00007ffe21630000 - 0x00007ffe21649000 	C:\Program Files\Java\jdk-20\bin\jli.dll
0x00007ffe28f80000 - 0x00007ffe2902e000 	C:\Windows\System32\ADVAPI32.dll
0x00007ffe29dd0000 - 0x00007ffe29e6e000 	C:\Windows\System32\msvcrt.dll
0x00007ffe29c00000 - 0x00007ffe29c9c000 	C:\Windows\System32\sechost.dll
0x00007ffe290e0000 - 0x00007ffe29206000 	C:\Windows\System32\RPCRT4.dll
0x00007ffe22650000 - 0x00007ffe2266b000 	C:\Program Files\Java\jdk-20\bin\VCRUNTIME140.dll
0x00007ffe29a60000 - 0x00007ffe29bfe000 	C:\Windows\System32\USER32.dll
0x00007ffe28f20000 - 0x00007ffe28f42000 	C:\Windows\System32\win32u.dll
0x00007ffe299d0000 - 0x00007ffe299fc000 	C:\Windows\System32\GDI32.dll
0x00007ffe28600000 - 0x00007ffe2871a000 	C:\Windows\System32\gdi32full.dll
0x00007ffe28e30000 - 0x00007ffe28ecd000 	C:\Windows\System32\msvcp_win.dll
0x00007ffe192f0000 - 0x00007ffe1958a000 	C:\Windows\WinSxS\amd64_microsoft.windows.common-controls_6595b64144ccf1df_6.0.19041.1110_none_60b5254171f9507e\COMCTL32.dll
0x00007ffe1ad60000 - 0x00007ffe1ad6a000 	C:\Windows\SYSTEM32\VERSION.dll
0x00007ffe28f50000 - 0x00007ffe28f80000 	C:\Windows\System32\IMM32.DLL
0x00007ffe22050000 - 0x00007ffe2205c000 	C:\Program Files\Java\jdk-20\bin\vcruntime140_1.dll
0x00007ffe10fa0000 - 0x00007ffe1102e000 	C:\Program Files\Java\jdk-20\bin\msvcp140.dll
0x00007ffdf93b0000 - 0x00007ffdfa047000 	C:\Program Files\Java\jdk-20\bin\server\jvm.dll
0x00007ffe240b0000 - 0x00007ffe240b9000 	C:\Windows\SYSTEM32\WSOCK32.dll
0x00007ffe29d00000 - 0x00007ffe29d6b000 	C:\Windows\System32\WS2_32.dll
0x00007ffe25e00000 - 0x00007ffe25e27000 	C:\Windows\SYSTEM32\WINMM.dll
0x00007ffe26460000 - 0x00007ffe26472000 	C:\Windows\SYSTEM32\kernel.appcore.dll
0x00007ffe22040000 - 0x00007ffe2204a000 	C:\Program Files\Java\jdk-20\bin\jimage.dll
0x00007ffe16340000 - 0x00007ffe16524000 	C:\Windows\SYSTEM32\DBGHELP.DLL
0x00007ffe162e0000 - 0x00007ffe16314000 	C:\Windows\SYSTEM32\dbgcore.DLL
0x00007ffe28720000 - 0x00007ffe287a2000 	C:\Windows\System32\bcryptPrimitives.dll
0x00007ffe21a80000 - 0x00007ffe21abc000 	C:\Program Files\Java\jdk-20\bin\jdwp.dll
0x00007ffe218b0000 - 0x00007ffe218d6000 	C:\Program Files\Java\jdk-20\bin\java.dll
0x00007ffe104d0000 - 0x00007ffe105a7000 	C:\Program Files\Java\jdk-20\bin\jsvml.dll
0x00007ffe2a430000 - 0x00007ffe2ab75000 	C:\Windows\System32\SHELL32.dll
0x00007ffe26660000 - 0x00007ffe26dfb000 	C:\Windows\SYSTEM32\windows.storage.dll
0x00007ffe29670000 - 0x00007ffe299c4000 	C:\Windows\System32\combase.dll
0x00007ffe27f40000 - 0x00007ffe27f6e000 	C:\Windows\SYSTEM32\Wldp.dll
0x00007ffe29e70000 - 0x00007ffe29f1d000 	C:\Windows\System32\SHCORE.dll
0x00007ffe29a00000 - 0x00007ffe29a55000 	C:\Windows\System32\shlwapi.dll
0x00007ffe28500000 - 0x00007ffe28525000 	C:\Windows\SYSTEM32\profapi.dll
0x00007ffe21c30000 - 0x00007ffe21c43000 	C:\Program Files\Java\jdk-20\bin\net.dll
0x00007ffe1b540000 - 0x00007ffe1b64a000 	C:\Windows\SYSTEM32\WINHTTP.dll
0x00007ffe27ca0000 - 0x00007ffe27d0a000 	C:\Windows\system32\mswsock.dll
0x00007ffe19f30000 - 0x00007ffe19f46000 	C:\Program Files\Java\jdk-20\bin\nio.dll
0x00007ffe219f0000 - 0x00007ffe219fb000 	C:\Program Files\Java\jdk-20\bin\dt_shmem.dll
0x00007ffe18cf0000 - 0x00007ffe18d08000 	C:\Program Files\Java\jdk-20\bin\zip.dll
0x00007ffe0d110000 - 0x00007ffe0d2a1000 	C:\Program Files\Java\jdk-20\bin\awt.dll
0x00007ffe2ade0000 - 0x00007ffe2aead000 	C:\Windows\System32\OLEAUT32.dll
0x00007ffe25cb0000 - 0x00007ffe25d41000 	C:\Windows\SYSTEM32\apphelp.dll
0x00007ffe26170000 - 0x00007ffe2619f000 	C:\Windows\system32\DWMAPI.DLL
0x00007ffe25f10000 - 0x00007ffe25fae000 	C:\Windows\system32\uxtheme.dll
0x00007ffe09de0000 - 0x00007ffe09f05000 	C:\Windows\system32\opengl32.dll
0x00007ffe0fff0000 - 0x00007ffe1001c000 	C:\Windows\SYSTEM32\GLU32.dll
0x00007ffe2aba0000 - 0x00007ffe2acb4000 	C:\Windows\System32\MSCTF.dll
0x00007ffe29210000 - 0x00007ffe2933a000 	C:\Windows\System32\ole32.dll

dbghelp: loaded successfully - version: 4.0.5 - missing functions: none
symbol engine: initialized successfully - sym options: 0x614 - pdb path: .;C:\Program Files\Java\jdk-20\bin;C:\Windows\SYSTEM32;C:\Windows\WinSxS\amd64_microsoft.windows.common-controls_6595b64144ccf1df_6.0.19041.1110_none_60b5254171f9507e;C:\Program Files\Java\jdk-20\bin\server

VM Arguments:
jvm_args: -Dfile.encoding=UTF-8 -agentlib:jdwp=transport=dt_shmem,address=javadebug --module-path=C:\Users\inaya\OneDrive\Documents\NetBeansProjects\University Management System\build\classes 
java_command: university.management.system.Marks
java_class_path (initial): C:\Users\inaya\OneDrive\Documents\NetBeansProjects\University Management System;C:\Users\inaya\Downloads\mysql-connector-java-8.0.28.jar;C:\Users\inaya\Downloads\jcalendar-tz-1.3.3-4.jar;C:\Users\inaya\Downloads\rs2xml.jar;C:\Users\inaya\OneDrive\Documents\NetBeansProjects\University Management System\build\classes
Launcher Type: SUN_STANDARD

[Global flags]
     intx CICompilerCount                          = 3                                         {product} {ergonomic}
     uint ConcGCThreads                            = 1                                         {product} {ergonomic}
     uint G1ConcRefinementThreads                  = 4                                         {product} {ergonomic}
   size_t G1HeapRegionSize                         = 1048576                                   {product} {ergonomic}
    uintx GCDrainStackTargetSize                   = 64                                        {product} {ergonomic}
   size_t InitialHeapSize                          = 67108864                                  {product} {ergonomic}
   size_t MarkStackSize                            = 4194304                                   {product} {ergonomic}
   size_t MaxHeapSize                              = 1042284544                                {product} {ergonomic}
   size_t MaxNewSize                               = 624951296                                 {product} {ergonomic}
   size_t MinHeapDeltaBytes                        = 1048576                                   {product} {ergonomic}
   size_t MinHeapSize                              = 8388608                                   {product} {ergonomic}
    uintx NonNMethodCodeHeapSize                   = 5832780                                {pd product} {ergonomic}
    uintx NonProfiledCodeHeapSize                  = 122912730                              {pd product} {ergonomic}
    uintx ProfiledCodeHeapSize                     = 122912730                              {pd product} {ergonomic}
    uintx ReservedCodeCacheSize                    = 251658240                              {pd product} {ergonomic}
     bool SegmentedCodeCache                       = true                                      {product} {ergonomic}
   size_t SoftMaxHeapSize                          = 1042284544                             {manageable} {ergonomic}
     bool UseCompressedClassPointers               = true                           {product lp64_product} {ergonomic}
     bool UseCompressedOops                        = true                           {product lp64_product} {ergonomic}
     bool UseG1GC                                  = true                                      {product} {ergonomic}
     bool UseLargePagesIndividualAllocation        = false                                  {pd product} {ergonomic}

Logging:
Log output configuration:
 #0: stdout all=warning uptime,level,tags foldmultilines=false
 #1: stderr all=off uptime,level,tags foldmultilines=false

Environment Variables:
PATH=C:\Program Files\Common Files\Oracle\Java\javapath;C:\Windows\system32;C:\Windows;C:\Windows\System32\Wbem;C:\Windows\System32\WindowsPowerShell\v1.0\;C:\Windows\System32\OpenSSH\;C:\Program Files\MySQL\MySQL Shell 8.0\bin\;C:\Users\inaya\AppData\Local\Microsoft\WindowsApps;;C:\Users\inaya\AppData\Local\Programs\Microsoft VS Code\bin
USERNAME=inaya
OS=Windows_NT
PROCESSOR_IDENTIFIER=Intel64 Family 6 Model 78 Stepping 3, GenuineIntel
TMP=C:\Users\inaya\AppData\Local\Temp
TEMP=C:\Users\inaya\AppData\Local\Temp




---------------  S Y S T E M  ---------------

OS:
 Windows 10 , 64 bit Build 19041 (10.0.19041.3393)
OS uptime: 6 days 2:25 hours

CPU: total 4 (initial active 4) (2 cores per cpu, 2 threads per core) family 6 model 78 stepping 3 microcode 0xcc, cx8, cmov, fxsr, ht, mmx, 3dnowpref, sse, sse2, sse3, ssse3, sse4.1, sse4.2, popcnt, lzcnt, tsc, tscinvbit, avx, avx2, aes, erms, clmul, bmi1, bmi2, adx, fma, vzeroupper, clflush, clflushopt, rdtscp, f16c

Memory: 4k page, system-wide physical 3969M (84M free)
TotalPageFile size 16257M (AvailPageFile size 1M)
current process WorkingSet (physical memory assigned to process): 56M, peak: 56M
current process commit charge ("private bytes"): 146M, peak: 146M

vm_info: Java HotSpot(TM) 64-Bit Server VM (20.0.1+9-29) for windows-amd64 JRE (20.0.1+9-29), built on 2023-03-07T13:56:11Z by "mach5one" with MS VC++ 17.1 (VS2022)

END.
